<?xml version="1.0" encoding="UTF-8"?>
<!-- Generated by org.testng.reporters.JUnitReportReporter -->
<testsuite skipped="0" hostname="Wildcard" name="main.DSloginErrorsTest" tests="1" failures="0" timestamp="12 Dec 2017 02:29:57 GMT" time="10.327" errors="0">
  <testcase name="LoginErrorsTest" time="10.327" classname="main.DSloginErrorsTest"/>
</testsuite> <!-- main.DSloginErrorsTest -->
